[2021-12-07 11:21:17.388] [exthost] [info] Extension host with pid 478540 started
[2021-12-07 11:21:17.389] [exthost] [info] Skipping acquiring lock for /home/neo/.config/Code - OSS/User/workspaceStorage/c7cf08a78b0cc1502fcb562a9c0e37de.
[2021-12-07 11:21:17.483] [exthost] [info] ExtensionService#_doActivateExtension muhammad-sammy.csharp, startup: false, activationEvent: 'onLanguage:csharp'
[2021-12-07 11:21:17.552] [exthost] [info] ExtensionService#_doActivateExtension vscode.debug-auto-launch, startup: true, activationEvent: '*'
[2021-12-07 11:21:17.554] [exthost] [info] ExtensionService#_doActivateExtension vscode.git, startup: true, activationEvent: '*', root cause: vscode.github
[2021-12-07 11:21:17.578] [exthost] [info] ExtensionService#_doActivateExtension cweijan.cweijan-personal-material-icon-theme, startup: true, activationEvent: '*'
[2021-12-07 11:21:17.585] [exthost] [info] ExtensionService#_doActivateExtension mblode.pretty-formatter, startup: true, activationEvent: '*'
[2021-12-07 11:21:17.897] [exthost] [info] ExtensionService#_doActivateExtension vscode.github, startup: true, activationEvent: '*'
[2021-12-07 11:21:17.975] [exthost] [info] Eager extensions activated
[2021-12-07 11:21:18.084] [exthost] [info] ExtensionService#_doActivateExtension vscode.merge-conflict, startup: false, activationEvent: 'onStartupFinished'
[2021-12-07 11:21:21.878] [exthost] [error] [muhammad-sammy.csharp] provider FAILED
[2021-12-07 11:21:21.878] [exthost] [error] Problem invoking 'GetCodeActions' on OmniSharp server: Error: Request /v2/getcodeactions cancelled, id: undefined
[2021-12-07 11:21:22.881] [exthost] [error] [muhammad-sammy.csharp] provider FAILED
[2021-12-07 11:21:22.881] [exthost] [error] Problem invoking 'GetCodeActions' on OmniSharp server: Error: Request /v2/getcodeactions cancelled, id: undefined
[2021-12-07 11:21:23.298] [exthost] [error] [muhammad-sammy.csharp] provider FAILED
[2021-12-07 11:21:23.298] [exthost] [error] Problem invoking 'GetCodeActions' on OmniSharp server: Error: Request /v2/getcodeactions cancelled, id: undefined
[2021-12-07 11:21:25.735] [exthost] [error] [muhammad-sammy.csharp] provider FAILED
[2021-12-07 11:21:25.735] [exthost] [error] Problem invoking 'GetCodeActions' on OmniSharp server: Error: Request /v2/getcodeactions cancelled, id: 18
[2021-12-07 11:21:51.588] [exthost] [error] [muhammad-sammy.csharp] provider FAILED
[2021-12-07 11:21:51.588] [exthost] [error] Problem invoking 'GetCodeActions' on OmniSharp server: Error: Request /v2/getcodeactions cancelled, id: 371
[2021-12-07 11:22:19.701] [exthost] [error] [muhammad-sammy.csharp] provider FAILED
[2021-12-07 11:22:19.702] [exthost] [error] Problem invoking 'GetCodeActions' on OmniSharp server: Error: Request /v2/getcodeactions cancelled, id: 640
[2021-12-07 11:22:31.964] [exthost] [error] [muhammad-sammy.csharp] provider FAILED
[2021-12-07 11:22:31.964] [exthost] [error] Problem invoking 'GetCodeActions' on OmniSharp server: Error: Request /v2/getcodeactions cancelled, id: 870
[2021-12-07 11:22:39.255] [exthost] [error] [muhammad-sammy.csharp] provider FAILED
[2021-12-07 11:22:39.255] [exthost] [error] Problem invoking 'GetCodeActions' on OmniSharp server: Error: Request /v2/getcodeactions cancelled, id: 1047
[2021-12-07 11:22:41.667] [exthost] [error] [muhammad-sammy.csharp] provider FAILED
[2021-12-07 11:22:41.667] [exthost] [error] Problem invoking 'GetCodeActions' on OmniSharp server: Error: Request /v2/getcodeactions cancelled, id: 1090
[2021-12-07 11:23:42.625] [exthost] [error] [muhammad-sammy.csharp] provider FAILED
[2021-12-07 11:23:42.625] [exthost] [error] Problem invoking 'GetCodeActions' on OmniSharp server: Error: Request /v2/getcodeactions cancelled, id: 1610
[2021-12-07 11:25:07.754] [exthost] [error] [muhammad-sammy.csharp] provider FAILED
[2021-12-07 11:25:07.754] [exthost] [error] Problem invoking 'GetCodeActions' on OmniSharp server: Error: Request /v2/getcodeactions cancelled, id: 2033
[2021-12-07 11:25:13.956] [exthost] [error] [muhammad-sammy.csharp] provider FAILED
[2021-12-07 11:25:13.956] [exthost] [error] Problem invoking 'GetCodeActions' on OmniSharp server: Error: Request /v2/getcodeactions cancelled, id: 2105
[2021-12-07 11:28:51.745] [exthost] [info] extension host terminating: renderer closed the socket
[2021-12-07 11:28:52.775] [exthost] [info] Extension host with pid 478540 exiting with code 0
