Starting OmniSharp server at 12/6/2021, 3:58:02 PM
    Target: /home/neo/epitech/B-DEV-500-LYN-5-1-dashboard-paul.gardien

OmniSharp server started.
    Path: /home/neo/.vscode-oss/extensions/muhammad-sammy.csharp-1.23.16/.omnisharp/1.37.16/run
    PID: 435033

[info]: OmniSharp.Stdio.Host
        Starting OmniSharp on endeavouros 0.0 (x64)
[info]: OmniSharp.Services.DotNetCliService
        Checking the 'DOTNET_ROOT' environment variable to find a .NET SDK
[info]: OmniSharp.Services.DotNetCliService
        DotNetPath set to /home/neo/.dotnet/dotnet
[info]: OmniSharp.MSBuild.Discovery.MSBuildLocator
        Located 1 MSBuild instance(s)
            1: StandAlone 17.0.0 - "/home/neo/.vscode-oss/extensions/muhammad-sammy.csharp-1.23.16/.omnisharp/1.37.16/omnisharp/.msbuild/Current/Bin"
[info]: OmniSharp.MSBuild.Discovery.MSBuildLocator
        MSBUILD_EXE_PATH environment variable set to '/home/neo/.vscode-oss/extensions/muhammad-sammy.csharp-1.23.16/.omnisharp/1.37.16/omnisharp/.msbuild/Current/Bin/MSBuild.exe'
[info]: OmniSharp.MSBuild.Discovery.MSBuildLocator
        Registered MSBuild instance: StandAlone 17.0.0 - "/home/neo/.vscode-oss/extensions/muhammad-sammy.csharp-1.23.16/.omnisharp/1.37.16/omnisharp/.msbuild/Current/Bin"
            CscToolExe = csc.exe
            MSBuildToolsPath = /home/neo/.vscode-oss/extensions/muhammad-sammy.csharp-1.23.16/.omnisharp/1.37.16/omnisharp/.msbuild/Current/Bin
            CscToolPath = /home/neo/.vscode-oss/extensions/muhammad-sammy.csharp-1.23.16/.omnisharp/1.37.16/omnisharp/.msbuild/Current/Bin/Roslyn
            BypassFrameworkInstallChecks = true
            MSBuildExtensionsPath = /home/neo/.vscode-oss/extensions/muhammad-sammy.csharp-1.23.16/.omnisharp/1.37.16/omnisharp/.msbuild
[info]: OmniSharp.WorkspaceInitializer
        Invoking Workspace Options Provider: OmniSharp.Roslyn.CSharp.Services.CSharpFormattingWorkspaceOptionsProvider, Order: 0
[info]: OmniSharp.WorkspaceInitializer
        Invoking Workspace Options Provider: OmniSharp.Roslyn.CSharp.Services.Completion.CompletionOptionsProvider, Order: 0
[info]: OmniSharp.WorkspaceInitializer
        Invoking Workspace Options Provider: OmniSharp.Roslyn.CSharp.Services.RenameWorkspaceOptionsProvider, Order: 100
[info]: OmniSharp.WorkspaceInitializer
        Invoking Workspace Options Provider: OmniSharp.Roslyn.CSharp.Services.ImplementTypeWorkspaceOptionsProvider, Order: 110
[info]: OmniSharp.WorkspaceInitializer
        Invoking Workspace Options Provider: OmniSharp.Roslyn.CSharp.Services.BlockStructureWorkspaceOptionsProvider, Order: 140
[info]: OmniSharp.Cake.CakeProjectSystem
        Detecting Cake files in '/home/neo/epitech/B-DEV-500-LYN-5-1-dashboard-paul.gardien'.
[info]: OmniSharp.Cake.CakeProjectSystem
        Could not find any Cake files
[info]: OmniSharp.MSBuild.ProjectSystem
        No solution files found in '/home/neo/epitech/B-DEV-500-LYN-5-1-dashboard-paul.gardien'
[info]: OmniSharp.MSBuild.ProjectManager
        Queue project update for '/home/neo/epitech/B-DEV-500-LYN-5-1-dashboard-paul.gardien/Dashboard/Dashboard.csproj'
[info]: OmniSharp.MSBuild.ProjectManager
        Queue project update for '/home/neo/epitech/B-DEV-500-LYN-5-1-dashboard-paul.gardien/DashboardAPI/DashboardAPI.csproj'
[info]: OmniSharp.Script.ScriptProjectSystem
        Detecting CSX files in '/home/neo/epitech/B-DEV-500-LYN-5-1-dashboard-paul.gardien'.
[info]: OmniSharp.MSBuild.ProjectManager
        Loading project: /home/neo/epitech/B-DEV-500-LYN-5-1-dashboard-paul.gardien/Dashboard/Dashboard.csproj
[info]: OmniSharp.Script.ScriptProjectSystem
        Could not find any CSX files
[info]: OmniSharp.WorkspaceInitializer
        Configuration finished.
[info]: OmniSharp.Stdio.Host
        Omnisharp server running using Stdio at location '/home/neo/epitech/B-DEV-500-LYN-5-1-dashboard-paul.gardien' on host 434909.
[info]: OmniSharp.OmniSharpWorkspace
        Miscellaneous file: /home/neo/epitech/B-DEV-500-LYN-5-1-dashboard-paul.gardien/Dashboard/Pages/Index.cshtml__virtual.cs added to workspace
[fail]: OmniSharp.MSBuild.ProjectLoader
        Package Microsoft.CodeAnalysis.Analyzers, version 1.1.0 was not found. It might have been deleted since NuGet restore. Otherwise, NuGet restore might have only partially completed, which might have been due to maximum path length restrictions.
[warn]: OmniSharp.MSBuild.ProjectManager
        Failed to load project file '/home/neo/epitech/B-DEV-500-LYN-5-1-dashboard-paul.gardien/Dashboard/Dashboard.csproj'.
/home/neo/epitech/B-DEV-500-LYN-5-1-dashboard-paul.gardien/Dashboard/Dashboard.csproj
/home/neo/.dotnet/sdk/5.0.208/Sdks/Microsoft.NET.Sdk/targets/Microsoft.PackageDependencyResolution.targets(241,5): Error: Package Microsoft.CodeAnalysis.Analyzers, version 1.1.0 was not found. It might have been deleted since NuGet restore. Otherwise, NuGet restore might have only partially completed, which might have been due to maximum path length restrictions.

[info]: OmniSharp.MSBuild.ProjectManager
        Loading project: /home/neo/epitech/B-DEV-500-LYN-5-1-dashboard-paul.gardien/DashboardAPI/DashboardAPI.csproj
[fail]: OmniSharp.MSBuild.ProjectLoader
        Package DnsClient, version 1.4.0 was not found. It might have been deleted since NuGet restore. Otherwise, NuGet restore might have only partially completed, which might have been due to maximum path length restrictions.
[warn]: OmniSharp.MSBuild.ProjectManager
        Failed to load project file '/home/neo/epitech/B-DEV-500-LYN-5-1-dashboard-paul.gardien/DashboardAPI/DashboardAPI.csproj'.
/home/neo/epitech/B-DEV-500-LYN-5-1-dashboard-paul.gardien/DashboardAPI/DashboardAPI.csproj
/home/neo/.dotnet/sdk/5.0.208/Sdks/Microsoft.NET.Sdk/targets/Microsoft.PackageDependencyResolution.targets(241,5): Error: Package DnsClient, version 1.4.0 was not found. It might have been deleted since NuGet restore. Otherwise, NuGet restore might have only partially completed, which might have been due to maximum path length restrictions.

[fail]: OmniSharp.MSBuild.ProjectManager
        Attempted to update project that is not loaded: /home/neo/epitech/B-DEV-500-LYN-5-1-dashboard-paul.gardien/Dashboard/Dashboard.csproj
[fail]: OmniSharp.MSBuild.ProjectManager
        Attempted to update project that is not loaded: /home/neo/epitech/B-DEV-500-LYN-5-1-dashboard-paul.gardien/DashboardAPI/DashboardAPI.csproj
[info]: OmniSharp.OmniSharpWorkspace
        Miscellaneous file: /home/neo/epitech/B-DEV-500-LYN-5-1-dashboard-paul.gardien/Dashboard/Pages/Index.cshtml__virtual.cs added to workspace
[warn]: OmniSharp.Roslyn.CSharp.Services.Navigation.FindUsagesService
        No document found. File: /home/neo/epitech/B-DEV-500-LYN-5-1-dashboard-paul.gardien/Dashboard/Pages/Index.cshtml.cs.
[info]: OmniSharp.OmniSharpWorkspace
        Miscellaneous file: /home/neo/epitech/B-DEV-500-LYN-5-1-dashboard-paul.gardien/Dashboard/Pages/Index.cshtml.cs added to workspace
[warn]: OmniSharp.Roslyn.CSharp.Services.Navigation.FindUsagesService
        No symbol found. File: /home/neo/epitech/B-DEV-500-LYN-5-1-dashboard-paul.gardien/Dashboard/Pages/Index.cshtml.cs, Line: 44, Column: 58.
[warn]: OmniSharp.Roslyn.CSharp.Services.Navigation.FindUsagesService
        No symbol found. File: /home/neo/epitech/B-DEV-500-LYN-5-1-dashboard-paul.gardien/Dashboard/Pages/Index.cshtml.cs, Line: 34, Column: 48.
[warn]: OmniSharp.Roslyn.CSharp.Services.Navigation.FindUsagesService
        No symbol found. File: /home/neo/epitech/B-DEV-500-LYN-5-1-dashboard-paul.gardien/Dashboard/Pages/Index.cshtml.cs, Line: 34, Column: 54.
[warn]: OmniSharp.Roslyn.CSharp.Services.Navigation.FindUsagesService
        No symbol found. File: /home/neo/epitech/B-DEV-500-LYN-5-1-dashboard-paul.gardien/Dashboard/Pages/Index.cshtml.cs, Line: 32, Column: 54.
[warn]: OmniSharp.Roslyn.CSharp.Services.Navigation.FindUsagesService
        No symbol found. File: /home/neo/epitech/B-DEV-500-LYN-5-1-dashboard-paul.gardien/Dashboard/Pages/Index.cshtml.cs, Line: 30, Column: 49.
Received response for /quickinfo but could not find request.
Received response for /v2/getcodeactions but could not find request.
[warn]: OmniSharp.Roslyn.CSharp.Services.Navigation.FindUsagesService
        No symbol found. File: /home/neo/epitech/B-DEV-500-LYN-5-1-dashboard-paul.gardien/Dashboard/Pages/Index.cshtml.cs, Line: 75, Column: 13.
[warn]: OmniSharp.Roslyn.CSharp.Services.Navigation.FindUsagesService
        No document found. File: /home/neo/epitech/B-DEV-500-LYN-5-1-dashboard-paul.gardien/Dashboard/Pages/Modules/Spotify.cshtml.cs.
Received response for /v2/codestructure but could not find request.
[info]: OmniSharp.OmniSharpWorkspace
        Miscellaneous file: /home/neo/epitech/B-DEV-500-LYN-5-1-dashboard-paul.gardien/Dashboard/Pages/Index.cshtml__virtual.cs added to workspace
[warn]: OmniSharp.Stdio.Host
        ************ Request ************
{
  "Type": "request",
  "Seq": 364,
  "Command": "/quickinfo",
  "Arguments": {
    "FileName": "/home/neo/epitech/B-DEV-500-LYN-5-1-dashboard-paul.gardien/Dashboard/Pages/Index.cshtml__virtual.cs",
    "Line": 629,
    "Column": 16
  }
}
[fail]: OmniSharp.Stdio.Host
        ************  Response (38.0829ms) ************ 
{
  "Request_seq": 364,
  "Command": "/quickinfo",
  "Running": true,
  "Success": false,
  "Message": "\"System.ArgumentOutOfRangeException: Specified argument was out of the range of valid values.\\nParameter name: index\\n  at Microsoft.CodeAnalysis.Text.SourceText+LineInfo.get_Item (System.Int32 index) [0x0000f] in <27c6ccdf31f24d5ca86d3b26c0417b8c>:0 \\n  at Microsoft.CodeAnalysis.Text.TextLineCollection.GetPosition (Microsoft.CodeAnalysis.Text.LinePosition position) [0x00008] in <27c6ccdf31f24d5ca86d3b26c0417b8c>:0 \\n  at OmniSharp.Extensions.SourceTextExtensions.GetTextPosition (Microsoft.CodeAnalysis.Text.SourceText sourceText, OmniSharp.Models.Request request) [0x00017] in <d6232d5c20bf4bb4b544a74f7f61a54b>:0 \\n  at OmniSharp.Roslyn.CSharp.Services.QuickInfoProvider.Handle (OmniSharp.Models.QuickInfoRequest request) [0x00124] in <b2c506b357334f00a79b9ea4b4ad8eef>:0 \\n  at OmniSharp.Endpoint.EndpointHandler`2[TRequest,TResponse].GetFirstNotEmptyResponseFromHandlers (OmniSharp.Endpoint.Exports.ExportHandler`2[TRequest,TResponse][] handlers, TRequest request) [0x00099] in <646769315b6548dcb5f6b23c2c2cc918>:0 \\n  at OmniSharp.Endpoint.EndpointHandler`2[TRequest,TResponse].HandleRequestForLanguage (System.String language, TRequest request, OmniSharp.Protocol.RequestPacket packet) [0x00163] in <646769315b6548dcb5f6b23c2c2cc918>:0 \\n  at OmniSharp.Endpoint.EndpointHandler`2[TRequest,TResponse].Process (OmniSharp.Protocol.RequestPacket packet, OmniSharp.Endpoint.LanguageModel model, Newtonsoft.Json.Linq.JToken requestObject) [0x0024b] in <646769315b6548dcb5f6b23c2c2cc918>:0 \\n  at OmniSharp.Stdio.Host.HandleRequest (System.String json, Microsoft.Extensions.Logging.ILogger logger) [0x000f3] in <fa42ddee3b094ad29621a886df38c746>:0 \"",
  "Body": null,
  "Seq": 9435,
  "Type": "response"
}
[warn]: OmniSharp.Roslyn.CSharp.Services.Navigation.FindUsagesService
        No document found. File: /home/neo/epitech/B-DEV-500-LYN-5-1-dashboard-paul.gardien/Dashboard/Pages/Classes/spotify.cs.
[info]: OmniSharp.OmniSharpWorkspace
        Miscellaneous file: /home/neo/epitech/B-DEV-500-LYN-5-1-dashboard-paul.gardien/Dashboard/obj/Debug/net5.0/Razor/Pages/about.json.cshtml.g.cs added to workspace
[info]: OmniSharp.OmniSharpWorkspace
        Miscellaneous file: /home/neo/epitech/B-DEV-500-LYN-5-1-dashboard-paul.gardien/Dashboard/obj/Debug/net5.0/Razor/Pages/Callback.cshtml.g.cs added to workspace
[info]: OmniSharp.OmniSharpWorkspace
        Miscellaneous file: /home/neo/epitech/B-DEV-500-LYN-5-1-dashboard-paul.gardien/Dashboard/obj/Debug/net5.0/Razor/Pages/Index.cshtml.g.cs added to workspace
[info]: OmniSharp.OmniSharpWorkspace
        Miscellaneous file: /home/neo/epitech/B-DEV-500-LYN-5-1-dashboard-paul.gardien/Dashboard/obj/Debug/net5.0/Razor/Pages/Error/Error.cshtml.g.cs added to workspace
[info]: OmniSharp.OmniSharpWorkspace
        Miscellaneous file: /home/neo/epitech/B-DEV-500-LYN-5-1-dashboard-paul.gardien/Dashboard/obj/Debug/net5.0/Razor/Pages/Privacy.cshtml.g.cs added to workspace
[info]: OmniSharp.OmniSharpWorkspace
        Miscellaneous file: /home/neo/epitech/B-DEV-500-LYN-5-1-dashboard-paul.gardien/Dashboard/obj/Debug/net5.0/Razor/Pages/Modules/Coffee.cshtml.g.cs added to workspace
[info]: OmniSharp.OmniSharpWorkspace
        Miscellaneous file: /home/neo/epitech/B-DEV-500-LYN-5-1-dashboard-paul.gardien/Dashboard/obj/Debug/net5.0/Razor/Pages/Modules/Panel.cshtml.g.cs added to workspace
[info]: OmniSharp.OmniSharpWorkspace
        Miscellaneous file: /home/neo/epitech/B-DEV-500-LYN-5-1-dashboard-paul.gardien/Dashboard/obj/Debug/net5.0/Razor/Pages/Modules/Spotify.cshtml.g.cs added to workspace
[info]: OmniSharp.OmniSharpWorkspace
        Miscellaneous file: /home/neo/epitech/B-DEV-500-LYN-5-1-dashboard-paul.gardien/Dashboard/obj/Debug/net5.0/Razor/Pages/Modules/Weather.cshtml.g.cs added to workspace
[info]: OmniSharp.OmniSharpWorkspace
        Miscellaneous file: /home/neo/epitech/B-DEV-500-LYN-5-1-dashboard-paul.gardien/Dashboard/obj/Debug/net5.0/Razor/Pages/_ViewStart.cshtml.g.cs added to workspace
[info]: OmniSharp.OmniSharpWorkspace
        Miscellaneous file: /home/neo/epitech/B-DEV-500-LYN-5-1-dashboard-paul.gardien/Dashboard/obj/Debug/net5.0/Razor/Pages/_ViewImports.cshtml.g.cs added to workspace
[info]: OmniSharp.OmniSharpWorkspace
        Miscellaneous file: /home/neo/epitech/B-DEV-500-LYN-5-1-dashboard-paul.gardien/Dashboard/obj/Debug/net5.0/Razor/Pages/Shared/_Layout.cshtml.g.cs added to workspace
[info]: OmniSharp.OmniSharpWorkspace
        Miscellaneous file: /home/neo/epitech/B-DEV-500-LYN-5-1-dashboard-paul.gardien/Dashboard/obj/Debug/net5.0/Razor/Pages/Shared/_ValidationScriptsPartial.cshtml.g.cs added to workspace
Received response for /v2/codestructure but could not find request.
[info]: OmniSharp.OmniSharpWorkspace
        Miscellaneous file: /home/neo/epitech/B-DEV-500-LYN-5-1-dashboard-paul.gardien/Dashboard/Pages/Index.cshtml__virtual.cs added to workspace
[warn]: OmniSharp.Stdio.Host
        ************ Request ************
{
  "Type": "request",
  "Seq": 464,
  "Command": "/quickinfo",
  "Arguments": {
    "FileName": "/home/neo/epitech/B-DEV-500-LYN-5-1-dashboard-paul.gardien/Dashboard/Pages/Index.cshtml__virtual.cs",
    "Line": 976,
    "Column": 25
  }
}
[fail]: OmniSharp.Stdio.Host
        ************  Response (10.8747ms) ************ 
{
  "Request_seq": 464,
  "Command": "/quickinfo",
  "Running": true,
  "Success": false,
  "Message": "\"System.ArgumentOutOfRangeException: Specified argument was out of the range of valid values.\\nParameter name: index\\n  at Microsoft.CodeAnalysis.Text.SourceText+LineInfo.get_Item (System.Int32 index) [0x0000f] in <27c6ccdf31f24d5ca86d3b26c0417b8c>:0 \\n  at Microsoft.CodeAnalysis.Text.TextLineCollection.GetPosition (Microsoft.CodeAnalysis.Text.LinePosition position) [0x00008] in <27c6ccdf31f24d5ca86d3b26c0417b8c>:0 \\n  at OmniSharp.Extensions.SourceTextExtensions.GetTextPosition (Microsoft.CodeAnalysis.Text.SourceText sourceText, OmniSharp.Models.Request request) [0x00017] in <d6232d5c20bf4bb4b544a74f7f61a54b>:0 \\n  at OmniSharp.Roslyn.CSharp.Services.QuickInfoProvider.Handle (OmniSharp.Models.QuickInfoRequest request) [0x00124] in <b2c506b357334f00a79b9ea4b4ad8eef>:0 \\n  at OmniSharp.Endpoint.EndpointHandler`2[TRequest,TResponse].GetFirstNotEmptyResponseFromHandlers (OmniSharp.Endpoint.Exports.ExportHandler`2[TRequest,TResponse][] handlers, TRequest request) [0x00099] in <646769315b6548dcb5f6b23c2c2cc918>:0 \\n  at OmniSharp.Endpoint.EndpointHandler`2[TRequest,TResponse].HandleRequestForLanguage (System.String language, TRequest request, OmniSharp.Protocol.RequestPacket packet) [0x00163] in <646769315b6548dcb5f6b23c2c2cc918>:0 \\n  at OmniSharp.Endpoint.EndpointHandler`2[TRequest,TResponse].Process (OmniSharp.Protocol.RequestPacket packet, OmniSharp.Endpoint.LanguageModel model, Newtonsoft.Json.Linq.JToken requestObject) [0x0024b] in <646769315b6548dcb5f6b23c2c2cc918>:0 \\n  at OmniSharp.Stdio.Host.HandleRequest (System.String json, Microsoft.Extensions.Logging.ILogger logger) [0x000f3] in <fa42ddee3b094ad29621a886df38c746>:0 \"",
  "Body": null,
  "Seq": 13194,
  "Type": "response"
}
[warn]: OmniSharp.Stdio.Host
        ************ Request ************
{
  "Type": "request",
  "Seq": 465,
  "Command": "/quickinfo",
  "Arguments": {
    "FileName": "/home/neo/epitech/B-DEV-500-LYN-5-1-dashboard-paul.gardien/Dashboard/Pages/Index.cshtml__virtual.cs",
    "Line": 976,
    "Column": 31
  }
}
[fail]: OmniSharp.Stdio.Host
        ************  Response (2.3668ms) ************ 
{
  "Request_seq": 465,
  "Command": "/quickinfo",
  "Running": true,
  "Success": false,
  "Message": "\"System.ArgumentOutOfRangeException: Specified argument was out of the range of valid values.\\nParameter name: index\\n  at Microsoft.CodeAnalysis.Text.SourceText+LineInfo.get_Item (System.Int32 index) [0x0000f] in <27c6ccdf31f24d5ca86d3b26c0417b8c>:0 \\n  at Microsoft.CodeAnalysis.Text.TextLineCollection.GetPosition (Microsoft.CodeAnalysis.Text.LinePosition position) [0x00008] in <27c6ccdf31f24d5ca86d3b26c0417b8c>:0 \\n  at OmniSharp.Extensions.SourceTextExtensions.GetTextPosition (Microsoft.CodeAnalysis.Text.SourceText sourceText, OmniSharp.Models.Request request) [0x00017] in <d6232d5c20bf4bb4b544a74f7f61a54b>:0 \\n  at OmniSharp.Roslyn.CSharp.Services.QuickInfoProvider.Handle (OmniSharp.Models.QuickInfoRequest request) [0x00124] in <b2c506b357334f00a79b9ea4b4ad8eef>:0 \\n  at OmniSharp.Endpoint.EndpointHandler`2[TRequest,TResponse].GetFirstNotEmptyResponseFromHandlers (OmniSharp.Endpoint.Exports.ExportHandler`2[TRequest,TResponse][] handlers, TRequest request) [0x00099] in <646769315b6548dcb5f6b23c2c2cc918>:0 \\n  at OmniSharp.Endpoint.EndpointHandler`2[TRequest,TResponse].HandleRequestForLanguage (System.String language, TRequest request, OmniSharp.Protocol.RequestPacket packet) [0x00163] in <646769315b6548dcb5f6b23c2c2cc918>:0 \\n  at OmniSharp.Endpoint.EndpointHandler`2[TRequest,TResponse].Process (OmniSharp.Protocol.RequestPacket packet, OmniSharp.Endpoint.LanguageModel model, Newtonsoft.Json.Linq.JToken requestObject) [0x0024b] in <646769315b6548dcb5f6b23c2c2cc918>:0 \\n  at OmniSharp.Stdio.Host.HandleRequest (System.String json, Microsoft.Extensions.Logging.ILogger logger) [0x000f3] in <fa42ddee3b094ad29621a886df38c746>:0 \"",
  "Body": null,
  "Seq": 13201,
  "Type": "response"
}
[warn]: OmniSharp.Stdio.Host
        ************ Request ************
{
  "Type": "request",
  "Seq": 466,
  "Command": "/v2/getcodeactions",
  "Arguments": {
    "FileName": "/home/neo/epitech/B-DEV-500-LYN-5-1-dashboard-paul.gardien/Dashboard/Pages/Index.cshtml__virtual.cs",
    "Selection": {
      "Start": {
        "Line": 976,
        "Column": 29
      },
      "End": {
        "Line": 976,
        "Column": 29
      }
    }
  }
}
[fail]: OmniSharp.Stdio.Host
        ************  Response (3.7060ms) ************ 
{
  "Request_seq": 466,
  "Command": "/v2/getcodeactions",
  "Running": true,
  "Success": false,
  "Message": "\"System.ArgumentOutOfRangeException: Specified argument was out of the range of valid values.\\nParameter name: index\\n  at Microsoft.CodeAnalysis.Text.SourceText+LineInfo.get_Item (System.Int32 index) [0x0000f] in <27c6ccdf31f24d5ca86d3b26c0417b8c>:0 \\n  at OmniSharp.Extensions.TextExtensions.GetPositionFromLineAndOffset (Microsoft.CodeAnalysis.Text.SourceText text, System.Int32 lineNumber, System.Int32 offset) [0x00006] in <d6232d5c20bf4bb4b544a74f7f61a54b>:0 \\n  at OmniSharp.Extensions.TextExtensions.GetSpanFromRange (Microsoft.CodeAnalysis.Text.SourceText text, OmniSharp.Models.V2.Range range) [0x00017] in <d6232d5c20bf4bb4b544a74f7f61a54b>:0 \\n  at OmniSharp.Roslyn.CSharp.Services.Refactoring.V2.BaseCodeActionService`2[TRequest,TResponse].GetTextSpan (OmniSharp.Models.V2.CodeActions.ICodeActionRequest request, Microsoft.CodeAnalysis.Text.SourceText sourceText) [0x00015] in <b2c506b357334f00a79b9ea4b4ad8eef>:0 \\n  at OmniSharp.Roslyn.CSharp.Services.Refactoring.V2.BaseCodeActionService`2[TRequest,TResponse].GetAvailableCodeActions (OmniSharp.Models.V2.CodeActions.ICodeActionRequest request) [0x00128] in <b2c506b357334f00a79b9ea4b4ad8eef>:0 \\n  at OmniSharp.Roslyn.CSharp.Services.Refactoring.V2.GetCodeActionsService.Handle (OmniSharp.Models.V2.CodeActions.GetCodeActionsRequest request) [0x0006b] in <b2c506b357334f00a79b9ea4b4ad8eef>:0 \\n  at OmniSharp.Endpoint.EndpointHandler`2[TRequest,TResponse].GetFirstNotEmptyResponseFromHandlers (OmniSharp.Endpoint.Exports.ExportHandler`2[TRequest,TResponse][] handlers, TRequest request) [0x00099] in <646769315b6548dcb5f6b23c2c2cc918>:0 \\n  at OmniSharp.Endpoint.EndpointHandler`2[TRequest,TResponse].HandleRequestForLanguage (System.String language, TRequest request, OmniSharp.Protocol.RequestPacket packet) [0x00163] in <646769315b6548dcb5f6b23c2c2cc918>:0 \\n  at OmniSharp.Endpoint.EndpointHandler`2[TRequest,TResponse].Process (OmniSharp.Protocol.RequestPacket packet, OmniSharp.Endpoint.LanguageModel model, Newtonsoft.Json.Linq.JToken requestObject) [0x0024b] in <646769315b6548dcb5f6b23c2c2cc918>:0 \\n  at OmniSharp.Stdio.Host.HandleRequest (System.String json, Microsoft.Extensions.Logging.ILogger logger) [0x000f3] in <fa42ddee3b094ad29621a886df38c746>:0 \"",
  "Body": null,
  "Seq": 13209,
  "Type": "response"
}
[info]: OmniSharp.OmniSharpWorkspace
        Miscellaneous file: /home/neo/epitech/B-DEV-500-LYN-5-1-dashboard-paul.gardien/Dashboard/obj/Debug/net5.0/Razor/Pages/Callback.cshtml.g.cs added to workspace
[info]: OmniSharp.OmniSharpWorkspace
        Miscellaneous file: /home/neo/epitech/B-DEV-500-LYN-5-1-dashboard-paul.gardien/Dashboard/obj/Debug/net5.0/Razor/Pages/about.json.cshtml.g.cs added to workspace
[info]: OmniSharp.OmniSharpWorkspace
        Miscellaneous file: /home/neo/epitech/B-DEV-500-LYN-5-1-dashboard-paul.gardien/Dashboard/obj/Debug/net5.0/Razor/Pages/Error/Error.cshtml.g.cs added to workspace
[info]: OmniSharp.OmniSharpWorkspace
        Miscellaneous file: /home/neo/epitech/B-DEV-500-LYN-5-1-dashboard-paul.gardien/Dashboard/obj/Debug/net5.0/Razor/Pages/Index.cshtml.g.cs added to workspace
[info]: OmniSharp.OmniSharpWorkspace
        Miscellaneous file: /home/neo/epitech/B-DEV-500-LYN-5-1-dashboard-paul.gardien/Dashboard/obj/Debug/net5.0/Razor/Pages/Modules/Coffee.cshtml.g.cs added to workspace
[info]: OmniSharp.OmniSharpWorkspace
        Miscellaneous file: /home/neo/epitech/B-DEV-500-LYN-5-1-dashboard-paul.gardien/Dashboard/obj/Debug/net5.0/Razor/Pages/Modules/Panel.cshtml.g.cs added to workspace
[info]: OmniSharp.OmniSharpWorkspace
        Miscellaneous file: /home/neo/epitech/B-DEV-500-LYN-5-1-dashboard-paul.gardien/Dashboard/obj/Debug/net5.0/Razor/Pages/Modules/Spotify.cshtml.g.cs added to workspace
[info]: OmniSharp.OmniSharpWorkspace
        Miscellaneous file: /home/neo/epitech/B-DEV-500-LYN-5-1-dashboard-paul.gardien/Dashboard/obj/Debug/net5.0/Razor/Pages/Modules/Weather.cshtml.g.cs added to workspace
[info]: OmniSharp.OmniSharpWorkspace
        Miscellaneous file: /home/neo/epitech/B-DEV-500-LYN-5-1-dashboard-paul.gardien/Dashboard/obj/Debug/net5.0/Razor/Pages/Privacy.cshtml.g.cs added to workspace
[info]: OmniSharp.OmniSharpWorkspace
        Miscellaneous file: /home/neo/epitech/B-DEV-500-LYN-5-1-dashboard-paul.gardien/Dashboard/obj/Debug/net5.0/Razor/Pages/Shared/_Layout.cshtml.g.cs added to workspace
[info]: OmniSharp.OmniSharpWorkspace
        Miscellaneous file: /home/neo/epitech/B-DEV-500-LYN-5-1-dashboard-paul.gardien/Dashboard/obj/Debug/net5.0/Razor/Pages/Shared/_ValidationScriptsPartial.cshtml.g.cs added to workspace
[info]: OmniSharp.OmniSharpWorkspace
        Miscellaneous file: /home/neo/epitech/B-DEV-500-LYN-5-1-dashboard-paul.gardien/Dashboard/obj/Debug/net5.0/Razor/Pages/_ViewImports.cshtml.g.cs added to workspace
[info]: OmniSharp.OmniSharpWorkspace
        Miscellaneous file: /home/neo/epitech/B-DEV-500-LYN-5-1-dashboard-paul.gardien/Dashboard/obj/Debug/net5.0/Razor/Pages/_ViewStart.cshtml.g.cs added to workspace
Received response for /v2/codestructure but could not find request.
[info]: OmniSharp.OmniSharpWorkspace
        Miscellaneous file: /home/neo/epitech/B-DEV-500-LYN-5-1-dashboard-paul.gardien/Dashboard/Pages/Index.cshtml__virtual.cs added to workspace
[warn]: OmniSharp.Stdio.Host
        ************ Request ************
{
  "Type": "request",
  "Seq": 570,
  "Command": "/v2/getcodeactions",
  "Arguments": {
    "FileName": "/home/neo/epitech/B-DEV-500-LYN-5-1-dashboard-paul.gardien/Dashboard/Pages/Index.cshtml__virtual.cs",
    "Selection": {
      "Start": {
        "Line": 977,
        "Column": 25
      },
      "End": {
        "Line": 977,
        "Column": 25
      }
    }
  }
}
[fail]: OmniSharp.Stdio.Host
        ************  Response (1009.0066ms) ************ 
{
  "Request_seq": 570,
  "Command": "/v2/getcodeactions",
  "Running": true,
  "Success": false,
  "Message": "\"System.ArgumentOutOfRangeException: Specified argument was out of the range of valid values.\\nParameter name: index\\n  at Microsoft.CodeAnalysis.Text.SourceText+LineInfo.get_Item (System.Int32 index) [0x0000f] in <27c6ccdf31f24d5ca86d3b26c0417b8c>:0 \\n  at OmniSharp.Extensions.TextExtensions.GetPositionFromLineAndOffset (Microsoft.CodeAnalysis.Text.SourceText text, System.Int32 lineNumber, System.Int32 offset) [0x00006] in <d6232d5c20bf4bb4b544a74f7f61a54b>:0 \\n  at OmniSharp.Extensions.TextExtensions.GetSpanFromRange (Microsoft.CodeAnalysis.Text.SourceText text, OmniSharp.Models.V2.Range range) [0x00017] in <d6232d5c20bf4bb4b544a74f7f61a54b>:0 \\n  at OmniSharp.Roslyn.CSharp.Services.Refactoring.V2.BaseCodeActionService`2[TRequest,TResponse].GetTextSpan (OmniSharp.Models.V2.CodeActions.ICodeActionRequest request, Microsoft.CodeAnalysis.Text.SourceText sourceText) [0x00015] in <b2c506b357334f00a79b9ea4b4ad8eef>:0 \\n  at OmniSharp.Roslyn.CSharp.Services.Refactoring.V2.BaseCodeActionService`2[TRequest,TResponse].GetAvailableCodeActions (OmniSharp.Models.V2.CodeActions.ICodeActionRequest request) [0x00128] in <b2c506b357334f00a79b9ea4b4ad8eef>:0 \\n  at OmniSharp.Roslyn.CSharp.Services.Refactoring.V2.GetCodeActionsService.Handle (OmniSharp.Models.V2.CodeActions.GetCodeActionsRequest request) [0x0006b] in <b2c506b357334f00a79b9ea4b4ad8eef>:0 \\n  at OmniSharp.Endpoint.EndpointHandler`2[TRequest,TResponse].GetFirstNotEmptyResponseFromHandlers (OmniSharp.Endpoint.Exports.ExportHandler`2[TRequest,TResponse][] handlers, TRequest request) [0x00099] in <646769315b6548dcb5f6b23c2c2cc918>:0 \\n  at OmniSharp.Endpoint.EndpointHandler`2[TRequest,TResponse].HandleRequestForLanguage (System.String language, TRequest request, OmniSharp.Protocol.RequestPacket packet) [0x00163] in <646769315b6548dcb5f6b23c2c2cc918>:0 \\n  at OmniSharp.Endpoint.EndpointHandler`2[TRequest,TResponse].Process (OmniSharp.Protocol.RequestPacket packet, OmniSharp.Endpoint.LanguageModel model, Newtonsoft.Json.Linq.JToken requestObject) [0x0024b] in <646769315b6548dcb5f6b23c2c2cc918>:0 \\n  at OmniSharp.Stdio.Host.HandleRequest (System.String json, Microsoft.Extensions.Logging.ILogger logger) [0x000f3] in <fa42ddee3b094ad29621a886df38c746>:0 \"",
  "Body": null,
  "Seq": 17104,
  "Type": "response"
}
[warn]: OmniSharp.Stdio.Host
        ************ Request ************
{
  "Type": "request",
  "Seq": 574,
  "Command": "/quickinfo",
  "Arguments": {
    "FileName": "/home/neo/epitech/B-DEV-500-LYN-5-1-dashboard-paul.gardien/Dashboard/Pages/Index.cshtml__virtual.cs",
    "Line": 194,
    "Column": 42
  }
}
[fail]: OmniSharp.Stdio.Host
        ************  Response (1.3754ms) ************ 
{
  "Request_seq": 574,
  "Command": "/quickinfo",
  "Running": true,
  "Success": false,
  "Message": "\"System.ArgumentOutOfRangeException: Specified argument was out of the range of valid values.\\nParameter name: index\\n  at Microsoft.CodeAnalysis.Text.SourceText+LineInfo.get_Item (System.Int32 index) [0x0000f] in <27c6ccdf31f24d5ca86d3b26c0417b8c>:0 \\n  at Microsoft.CodeAnalysis.Text.TextLineCollection.GetPosition (Microsoft.CodeAnalysis.Text.LinePosition position) [0x00008] in <27c6ccdf31f24d5ca86d3b26c0417b8c>:0 \\n  at OmniSharp.Extensions.SourceTextExtensions.GetTextPosition (Microsoft.CodeAnalysis.Text.SourceText sourceText, OmniSharp.Models.Request request) [0x00017] in <d6232d5c20bf4bb4b544a74f7f61a54b>:0 \\n  at OmniSharp.Roslyn.CSharp.Services.QuickInfoProvider.Handle (OmniSharp.Models.QuickInfoRequest request) [0x00124] in <b2c506b357334f00a79b9ea4b4ad8eef>:0 \\n  at OmniSharp.Endpoint.EndpointHandler`2[TRequest,TResponse].GetFirstNotEmptyResponseFromHandlers (OmniSharp.Endpoint.Exports.ExportHandler`2[TRequest,TResponse][] handlers, TRequest request) [0x00099] in <646769315b6548dcb5f6b23c2c2cc918>:0 \\n  at OmniSharp.Endpoint.EndpointHandler`2[TRequest,TResponse].HandleRequestForLanguage (System.String language, TRequest request, OmniSharp.Protocol.RequestPacket packet) [0x00163] in <646769315b6548dcb5f6b23c2c2cc918>:0 \\n  at OmniSharp.Endpoint.EndpointHandler`2[TRequest,TResponse].Process (OmniSharp.Protocol.RequestPacket packet, OmniSharp.Endpoint.LanguageModel model, Newtonsoft.Json.Linq.JToken requestObject) [0x0024b] in <646769315b6548dcb5f6b23c2c2cc918>:0 \\n  at OmniSharp.Stdio.Host.HandleRequest (System.String json, Microsoft.Extensions.Logging.ILogger logger) [0x000f3] in <fa42ddee3b094ad29621a886df38c746>:0 \"",
  "Body": null,
  "Seq": 17701,
  "Type": "response"
}
[warn]: OmniSharp.Roslyn.CSharp.Services.Navigation.FindUsagesService
        No document found. File: /home/neo/epitech/B-DEV-500-LYN-5-1-dashboard-paul.gardien/Dashboard/Pages/Modules/Panel.cshtml.cs.
[warn]: OmniSharp.Roslyn.CSharp.Services.Navigation.FindUsagesService
        No document found. File: /home/neo/epitech/B-DEV-500-LYN-5-1-dashboard-paul.gardien/Dashboard/Pages/Modules/Panel.cshtml.cs.
[info]: OmniSharp.OmniSharpWorkspace
        Miscellaneous file: /home/neo/epitech/B-DEV-500-LYN-5-1-dashboard-paul.gardien/Dashboard/Pages/Modules/Panel.cshtml.cs added to workspace
