[2021-12-07 13:20:25.678] [exthost] [info] Extension host with pid 7494 started
[2021-12-07 13:20:25.678] [exthost] [info] Skipping acquiring lock for /home/neo/.config/Code - OSS/User/workspaceStorage/c7cf08a78b0cc1502fcb562a9c0e37de.
[2021-12-07 13:20:25.863] [exthost] [info] ExtensionService#_doActivateExtension muhammad-sammy.csharp, startup: false, activationEvent: 'onLanguage:csharp'
[2021-12-07 13:20:25.926] [exthost] [info] ExtensionService#_doActivateExtension vscode.debug-auto-launch, startup: true, activationEvent: '*'
[2021-12-07 13:20:25.928] [exthost] [info] ExtensionService#_doActivateExtension vscode.git, startup: true, activationEvent: '*', root cause: vscode.github
[2021-12-07 13:20:25.949] [exthost] [info] ExtensionService#_doActivateExtension cweijan.cweijan-personal-material-icon-theme, startup: true, activationEvent: '*'
[2021-12-07 13:20:25.955] [exthost] [info] ExtensionService#_doActivateExtension mblode.pretty-formatter, startup: true, activationEvent: '*'
[2021-12-07 13:20:26.110] [exthost] [info] ExtensionService#_doActivateExtension vscode.github, startup: true, activationEvent: '*'
[2021-12-07 13:20:26.151] [exthost] [info] Eager extensions activated
[2021-12-07 13:20:26.165] [exthost] [info] ExtensionService#_doActivateExtension vscode.merge-conflict, startup: false, activationEvent: 'onStartupFinished'
[2021-12-07 13:20:28.692] [exthost] [error] [muhammad-sammy.csharp] provider FAILED
[2021-12-07 13:20:28.692] [exthost] [error] Problem invoking 'GetCodeActions' on OmniSharp server: Error: Request /v2/getcodeactions cancelled, id: undefined
[2021-12-07 13:20:41.597] [exthost] [error] [muhammad-sammy.csharp] provider FAILED
[2021-12-07 13:20:41.597] [exthost] [error] Problem invoking 'GetCodeActions' on OmniSharp server: Error: Request /v2/getcodeactions cancelled, id: 28
[2021-12-07 13:20:52.615] [exthost] [error] [muhammad-sammy.csharp] provider FAILED
[2021-12-07 13:20:52.615] [exthost] [error] Problem invoking 'GetCodeActions' on OmniSharp server: Error: Request /v2/getcodeactions cancelled, id: 97
[2021-12-07 13:21:22.019] [exthost] [error] [muhammad-sammy.csharp] provider FAILED
[2021-12-07 13:21:22.019] [exthost] [error] Problem invoking 'GetCodeActions' on OmniSharp server: Error: Request /v2/getcodeactions cancelled, id: 226
[2021-12-07 13:23:57.964] [exthost] [error] [muhammad-sammy.csharp] provider FAILED
[2021-12-07 13:23:57.965] [exthost] [error] Problem invoking 'GetCodeActions' on OmniSharp server: Error: Request /v2/getcodeactions cancelled, id: 1211
[2021-12-07 13:27:05.819] [exthost] [error] [muhammad-sammy.csharp] provider FAILED
[2021-12-07 13:27:05.819] [exthost] [error] Problem invoking 'GetCodeActions' on OmniSharp server: Error: Request /v2/getcodeactions cancelled, id: 1547
[2021-12-07 13:27:06.838] [exthost] [error] [muhammad-sammy.csharp] provider FAILED
[2021-12-07 13:27:06.838] [exthost] [error] Problem invoking 'GetCodeActions' on OmniSharp server: Error: Request /v2/getcodeactions cancelled, id: 1561
[2021-12-07 13:37:59.691] [exthost] [error] [muhammad-sammy.csharp] provider FAILED
[2021-12-07 13:37:59.691] [exthost] [error] Problem invoking 'GetCodeActions' on OmniSharp server: Error: Request /v2/getcodeactions cancelled, id: 2438
[2021-12-07 13:38:30.481] [exthost] [info] extension host terminating: renderer closed the socket
[2021-12-07 13:38:31.501] [exthost] [info] Extension host with pid 7494 exiting with code 0
